<?xml version="1.0" encoding="UTF-8"?>
<testng-results skipped="0" failed="0" ignored="0" total="1" passed="1">
  <reporter-output>
  </reporter-output>
  <suite name="Tumblr" duration-ms="125372" started-at="2020-08-19T13:07:33 IST" finished-at="2020-08-19T13:09:38 IST">
    <groups>
    </groups>
    <test name="Tumblr" duration-ms="125372" started-at="2020-08-19T13:07:33 IST" finished-at="2020-08-19T13:09:38 IST">
      <class name="com.tumblr.qa.testcases.LoginPageTest">
        <test-method status="PASS" signature="setUp()[pri:0, instance:com.tumblr.qa.testcases.LoginPageTest@694e1548]" name="setUp" is-config="true" duration-ms="85729" started-at="2020-08-19T13:07:33 IST" finished-at="2020-08-19T13:08:59 IST">
          <reporter-output>
          </reporter-output>
        </test-method> <!-- setUp -->
        <test-method status="PASS" signature="loginfn()[pri:0, instance:com.tumblr.qa.testcases.LoginPageTest@694e1548]" name="loginfn" duration-ms="38183" started-at="2020-08-19T13:08:59 IST" finished-at="2020-08-19T13:09:37 IST">
          <reporter-output>
          </reporter-output>
        </test-method> <!-- loginfn -->
        <test-method status="PASS" signature="tearDown()[pri:0, instance:com.tumblr.qa.testcases.LoginPageTest@694e1548]" name="tearDown" is-config="true" duration-ms="1267" started-at="2020-08-19T13:09:37 IST" finished-at="2020-08-19T13:09:38 IST">
          <reporter-output>
          </reporter-output>
        </test-method> <!-- tearDown -->
      </class> <!-- com.tumblr.qa.testcases.LoginPageTest -->
    </test> <!-- Tumblr -->
  </suite> <!-- Tumblr -->
</testng-results>
